<?xml version="1.0" encoding="UTF-8"?>
<!-- Generated by org.testng.reporters.JUnitReportReporter -->
<testsuite hostname="BPSSMBA011s-MacBook-Air.local" failures="0" tests="2" name="sample.samp" time="3.192" errors="0" timestamp="2020-03-06T11:17:52 IST" skipped="0">
  <testcase classname="sample.samp" name="test1" time="0.896"/>
  <testcase classname="sample.samp" name="test2" time="2.296"/>
</testsuite> <!-- sample.samp -->
