<?xml version="1.0" encoding="UTF-8"?>
<!-- Generated by org.testng.reporters.JUnitReportReporter -->
<testsuite hostname="BPSSMBA011s-MacBook-Air.local" failures="0" tests="1" name="redis.RedisUtility" time="0.598" errors="0" timestamp="2020-06-03T20:53:55 IST" skipped="0">
  <testcase classname="redis.RedisUtility" name="test" time="0.598"/>
  <system-out/>
</testsuite> <!-- redis.RedisUtility -->
